<?xml version="1.0" encoding="UTF-8"?><testsuite errors="0" failures="0" name="atstUIAutomation.features.search.SearchTest" skipped="0" tests="3" time="25.62" timestamp="2021-10-11 07:31:32"><testcase classname="atstUIAutomation.features.search.SearchTest" name="Add to cart searched product dress"/><testcase classname="atstUIAutomation.features.search.SearchTest" name="Add to cart searched product pants"/><testcase classname="atstUIAutomation.features.search.SearchTest" name="Add to cart searched product shirt"/></testsuite>